This is XeTeX, Version 3.14159265-2.6-0.999991 (TeX Live 2019/W32TeX) (preloaded format=xelatex 2019.6.15)  16 JUN 2019 11:10
entering extended mode
 restricted \write18 enabled.
 %&-line parsing enabled.
**ii.tex
(./ii.tex
LaTeX2e <2018-12-01>
(c:/Users/macar/AppData/Roaming/TinyTeX/texmf-dist/tex/latex/base/book.cls
Document Class: book 2018/09/03 v1.4i Standard LaTeX document class
(c:/Users/macar/AppData/Roaming/TinyTeX/texmf-dist/tex/latex/base/bk12.clo
File: bk12.clo 2018/09/03 v1.4i Standard LaTeX file (size option)
)
\c@part=\count80
\c@chapter=\count81
\c@section=\count82
\c@subsection=\count83
\c@subsubsection=\count84
\c@paragraph=\count85
\c@subparagraph=\count86
\c@figure=\count87
\c@table=\count88
\abovecaptionskip=\skip41
\belowcaptionskip=\skip42
\bibindent=\dimen102
) (c:/Users/macar/AppData/Roaming/TinyTeX/texmf-dist/tex/latex/lm/lmodern.sty
Package: lmodern 2009/10/30 v1.6 Latin Modern Fonts
LaTeX Font Info:    Overwriting symbol font `operators' in version `normal'
(Font)                  OT1/cmr/m/n --> OT1/lmr/m/n on input line 22.
LaTeX Font Info:    Overwriting symbol font `letters' in version `normal'
(Font)                  OML/cmm/m/it --> OML/lmm/m/it on input line 23.
LaTeX Font Info:    Overwriting symbol font `symbols' in version `normal'
(Font)                  OMS/cmsy/m/n --> OMS/lmsy/m/n on input line 24.
LaTeX Font Info:    Overwriting symbol font `largesymbols' in version `normal'
(Font)                  OMX/cmex/m/n --> OMX/lmex/m/n on input line 25.
LaTeX Font Info:    Overwriting symbol font `operators' in version `bold'
(Font)                  OT1/cmr/bx/n --> OT1/lmr/bx/n on input line 26.
LaTeX Font Info:    Overwriting symbol font `letters' in version `bold'
(Font)                  OML/cmm/b/it --> OML/lmm/b/it on input line 27.
LaTeX Font Info:    Overwriting symbol font `symbols' in version `bold'
(Font)                  OMS/cmsy/b/n --> OMS/lmsy/b/n on input line 28.
LaTeX Font Info:    Overwriting symbol font `largesymbols' in version `bold'
(Font)                  OMX/cmex/m/n --> OMX/lmex/m/n on input line 29.
LaTeX Font Info:    Overwriting math alphabet `\mathbf' in version `normal'
(Font)                  OT1/cmr/bx/n --> OT1/lmr/bx/n on input line 31.
LaTeX Font Info:    Overwriting math alphabet `\mathsf' in version `normal'
(Font)                  OT1/cmss/m/n --> OT1/lmss/m/n on input line 32.
LaTeX Font Info:    Overwriting math alphabet `\mathit' in version `normal'
(Font)                  OT1/cmr/m/it --> OT1/lmr/m/it on input line 33.
LaTeX Font Info:    Overwriting math alphabet `\mathtt' in version `normal'
(Font)                  OT1/cmtt/m/n --> OT1/lmtt/m/n on input line 34.
LaTeX Font Info:    Overwriting math alphabet `\mathbf' in version `bold'
(Font)                  OT1/cmr/bx/n --> OT1/lmr/bx/n on input line 35.
LaTeX Font Info:    Overwriting math alphabet `\mathsf' in version `bold'
(Font)                  OT1/cmss/bx/n --> OT1/lmss/bx/n on input line 36.
LaTeX Font Info:    Overwriting math alphabet `\mathit' in version `bold'
(Font)                  OT1/cmr/bx/it --> OT1/lmr/bx/it on input line 37.
LaTeX Font Info:    Overwriting math alphabet `\mathtt' in version `bold'
(Font)                  OT1/cmtt/m/n --> OT1/lmtt/m/n on input line 38.
)
(c:/Users/macar/AppData/Roaming/TinyTeX/texmf-dist/tex/latex/amsfonts/amssymb.s
ty
Package: amssymb 2013/01/14 v3.01 AMS font symbols

(c:/Users/macar/AppData/Roaming/TinyTeX/texmf-dist/tex/latex/amsfonts/amsfonts.
sty
Package: amsfonts 2013/01/14 v3.01 Basic AMSFonts support
\@emptytoks=\toks14
\symAMSa=\mathgroup4
\symAMSb=\mathgroup5
LaTeX Font Info:    Overwriting math alphabet `\mathfrak' in version `bold'
(Font)                  U/euf/m/n --> U/euf/b/n on input line 106.
))
(c:/Users/macar/AppData/Roaming/TinyTeX/texmf-dist/tex/latex/amsmath/amsmath.st
y
Package: amsmath 2018/12/01 v2.17b AMS math features
\@mathmargin=\skip43
For additional information on amsmath, use the `?' option.

(c:/Users/macar/AppData/Roaming/TinyTeX/texmf-dist/tex/latex/amsmath/amstext.st
y
Package: amstext 2000/06/29 v2.01 AMS text

(c:/Users/macar/AppData/Roaming/TinyTeX/texmf-dist/tex/latex/amsmath/amsgen.sty
File: amsgen.sty 1999/11/30 v2.0 generic functions
\@emptytoks=\toks15
\ex@=\dimen103
))
(c:/Users/macar/AppData/Roaming/TinyTeX/texmf-dist/tex/latex/amsmath/amsbsy.sty
Package: amsbsy 1999/11/29 v1.2d Bold Symbols
\pmbraise@=\dimen104
)
(c:/Users/macar/AppData/Roaming/TinyTeX/texmf-dist/tex/latex/amsmath/amsopn.sty
Package: amsopn 2016/03/08 v2.02 operator names
)
\inf@bad=\count89
LaTeX Info: Redefining \frac on input line 223.
\uproot@=\count90
\leftroot@=\count91
LaTeX Info: Redefining \overline on input line 385.
\classnum@=\count92
\DOTSCASE@=\count93
LaTeX Info: Redefining \ldots on input line 482.
LaTeX Info: Redefining \dots on input line 485.
LaTeX Info: Redefining \cdots on input line 606.
\Mathstrutbox@=\box27
\strutbox@=\box28
\big@size=\dimen105
LaTeX Font Info:    Redeclaring font encoding OML on input line 729.
LaTeX Font Info:    Redeclaring font encoding OMS on input line 730.
\macc@depth=\count94
\c@MaxMatrixCols=\count95
\dotsspace@=\muskip10
\c@parentequation=\count96
\dspbrk@lvl=\count97
\tag@help=\toks16
\row@=\count98
\column@=\count99
\maxfields@=\count100
\andhelp@=\toks17
\eqnshift@=\dimen106
\alignsep@=\dimen107
\tagshift@=\dimen108
\tagwidth@=\dimen109
\totwidth@=\dimen110
\lineht@=\dimen111
\@envbody=\toks18
\multlinegap=\skip44
\multlinetaggap=\skip45
\mathdisplay@stack=\toks19
LaTeX Info: Redefining \[ on input line 2844.
LaTeX Info: Redefining \] on input line 2845.
)
(c:/Users/macar/AppData/Roaming/TinyTeX/texmf-dist/tex/generic/ifxetex/ifxetex.
sty
Package: ifxetex 2010/09/12 v0.6 Provides ifxetex conditional
)
(c:/Users/macar/AppData/Roaming/TinyTeX/texmf-dist/tex/generic/oberdiek/ifluate
x.sty
Package: ifluatex 2016/05/16 v1.4 Provides the ifluatex switch (HO)
Package ifluatex Info: LuaTeX not detected.
) (c:/Users/macar/AppData/Roaming/TinyTeX/texmf-dist/tex/latex/base/fixltx2e.st
y
Package: fixltx2e 2016/12/29 v2.1a fixes to LaTeX (obsolete)
Applying: [2015/01/01] Old fixltx2e package on input line 46.

Package fixltx2e Warning: fixltx2e is not required with releases after 2015
(fixltx2e)                All fixes are now in the LaTeX kernel.
(fixltx2e)                See the latexrelease package for details.

Already applied: [0000/00/00] Old fixltx2e package on input line 53.
)
(c:/Users/macar/AppData/Roaming/TinyTeX/texmf-dist/tex/xelatex/mathspec/mathspe
c.sty
Package: mathspec 2016/12/22 v0.2b LaTeX Package (Mathematics font selection fo
r XeLaTeX)

(c:/Users/macar/AppData/Roaming/TinyTeX/texmf-dist/tex/latex/etoolbox/etoolbox.
sty
Package: etoolbox 2018/08/19 v2.5f e-TeX tools for LaTeX (JAW)
\etb@tempcnta=\count101
)
(c:/Users/macar/AppData/Roaming/TinyTeX/texmf-dist/tex/latex/fontspec/fontspec.
sty
(c:/Users/macar/AppData/Roaming/TinyTeX/texmf-dist/tex/latex/l3packages/xparse/
xparse.sty
(c:/Users/macar/AppData/Roaming/TinyTeX/texmf-dist/tex/latex/l3kernel/expl3.sty
Package: expl3 2019-05-28 L3 programming layer (loader) 

(c:/Users/macar/AppData/Roaming/TinyTeX/texmf-dist/tex/latex/l3kernel/expl3-cod
e.tex
Package: expl3 2019-05-28 L3 programming layer (code)
\c_max_int=\count102
\l_tmpa_int=\count103
\l_tmpb_int=\count104
\g_tmpa_int=\count105
\g_tmpb_int=\count106
\g__kernel_prg_map_int=\count107
\c__ior_term_ior=\count108
\c_log_iow=\count109
\l_iow_line_count_int=\count110
\l__iow_line_target_int=\count111
\l__iow_one_indent_int=\count112
\l__iow_indent_int=\count113
\c_zero_dim=\dimen112
\c_max_dim=\dimen113
\l_tmpa_dim=\dimen114
\l_tmpb_dim=\dimen115
\g_tmpa_dim=\dimen116
\g_tmpb_dim=\dimen117
\c_zero_skip=\skip46
\c_max_skip=\skip47
\l_tmpa_skip=\skip48
\l_tmpb_skip=\skip49
\g_tmpa_skip=\skip50
\g_tmpb_skip=\skip51
\c_zero_muskip=\muskip11
\c_max_muskip=\muskip12
\l_tmpa_muskip=\muskip13
\l_tmpb_muskip=\muskip14
\g_tmpa_muskip=\muskip15
\g_tmpb_muskip=\muskip16
\l_keys_choice_int=\count114
\l__intarray_loop_int=\count115
\c__intarray_sp_dim=\dimen118
\g__intarray_font_int=\count116
\c__fp_leading_shift_int=\count117
\c__fp_middle_shift_int=\count118
\c__fp_trailing_shift_int=\count119
\c__fp_big_leading_shift_int=\count120
\c__fp_big_middle_shift_int=\count121
\c__fp_big_trailing_shift_int=\count122
\c__fp_Bigg_leading_shift_int=\count123
\c__fp_Bigg_middle_shift_int=\count124
\c__fp_Bigg_trailing_shift_int=\count125
\g__fp_array_int=\count126
\l__fp_array_loop_int=\count127
\l__sort_length_int=\count128
\l__sort_min_int=\count129
\l__sort_top_int=\count130
\l__sort_max_int=\count131
\l__sort_true_max_int=\count132
\l__sort_block_int=\count133
\l__sort_begin_int=\count134
\l__sort_end_int=\count135
\l__sort_A_int=\count136
\l__sort_B_int=\count137
\l__sort_C_int=\count138
\l__tl_analysis_normal_int=\count139
\l__tl_analysis_index_int=\count140
\l__tl_analysis_nesting_int=\count141
\l__tl_analysis_type_int=\count142
\l__regex_internal_a_int=\count143
\l__regex_internal_b_int=\count144
\l__regex_internal_c_int=\count145
\l__regex_balance_int=\count146
\l__regex_group_level_int=\count147
\l__regex_mode_int=\count148
\c__regex_cs_in_class_mode_int=\count149
\c__regex_cs_mode_int=\count150
\l__regex_catcodes_int=\count151
\l__regex_default_catcodes_int=\count152
\c__regex_catcode_L_int=\count153
\c__regex_catcode_O_int=\count154
\c__regex_catcode_A_int=\count155
\c__regex_all_catcodes_int=\count156
\l__regex_show_lines_int=\count157
\l__regex_min_state_int=\count158
\l__regex_max_state_int=\count159
\l__regex_left_state_int=\count160
\l__regex_right_state_int=\count161
\l__regex_capturing_group_int=\count162
\l__regex_min_pos_int=\count163
\l__regex_max_pos_int=\count164
\l__regex_curr_pos_int=\count165
\l__regex_start_pos_int=\count166
\l__regex_success_pos_int=\count167
\l__regex_curr_char_int=\count168
\l__regex_curr_catcode_int=\count169
\l__regex_last_char_int=\count170
\l__regex_case_changed_char_int=\count171
\l__regex_curr_state_int=\count172
\l__regex_step_int=\count173
\l__regex_min_active_int=\count174
\l__regex_max_active_int=\count175
\l__regex_replacement_csnames_int=\count176
\l__regex_match_count_int=\count177
\l__regex_min_submatch_int=\count178
\l__regex_submatch_int=\count179
\l__regex_zeroth_submatch_int=\count180
\g__regex_trace_regex_int=\count181
\c_empty_box=\box29
\l_tmpa_box=\box30
\l_tmpb_box=\box31
\g_tmpa_box=\box32
\g_tmpb_box=\box33
\l__box_top_dim=\dimen119
\l__box_bottom_dim=\dimen120
\l__box_left_dim=\dimen121
\l__box_right_dim=\dimen122
\l__box_top_new_dim=\dimen123
\l__box_bottom_new_dim=\dimen124
\l__box_left_new_dim=\dimen125
\l__box_right_new_dim=\dimen126
\l__box_internal_box=\box34
\l__coffin_internal_box=\box35
\l__coffin_internal_dim=\dimen127
\l__coffin_offset_x_dim=\dimen128
\l__coffin_offset_y_dim=\dimen129
\l__coffin_x_dim=\dimen130
\l__coffin_y_dim=\dimen131
\l__coffin_x_prime_dim=\dimen132
\l__coffin_y_prime_dim=\dimen133
\c_empty_coffin=\box36
\l__coffin_aligned_coffin=\box37
\l__coffin_aligned_internal_coffin=\box38
\l_tmpa_coffin=\box39
\l_tmpb_coffin=\box40
\g_tmpa_coffin=\box41
\g_tmpb_coffin=\box42
\l__coffin_bounding_shift_dim=\dimen134
\l__coffin_left_corner_dim=\dimen135
\l__coffin_right_corner_dim=\dimen136
\l__coffin_bottom_corner_dim=\dimen137
\l__coffin_top_corner_dim=\dimen138
\l__coffin_scaled_total_height_dim=\dimen139
\l__coffin_scaled_width_dim=\dimen140
\c__coffin_empty_coffin=\box43
\l__coffin_display_coffin=\box44
\l__coffin_display_coord_coffin=\box45
\l__coffin_display_pole_coffin=\box46
\l__coffin_display_offset_dim=\dimen141
\l__coffin_display_x_dim=\dimen142
\l__coffin_display_y_dim=\dimen143
\g__file_internal_ior=\read1
\l__seq_internal_a_int=\count182
\l__seq_internal_b_int=\count183
\c__deprecation_minus_one=\count184
)
(c:/Users/macar/AppData/Roaming/TinyTeX/texmf-dist/tex/latex/l3kernel/l3xdvipdf
mx.def
File: l3xdvipdfmx.def 2019-04-06 v L3 Experimental driver: xdvipdfmx
\l__driver_internal_box=\box47
\g__driver_graphics_int=\count185
\g__driver_pdf_object_int=\count186
\g__driver_pdf_annotation_int=\count187
))
Package: xparse 2019-05-28 L3 Experimental document command parser
\l__xparse_current_arg_int=\count188
\g__xparse_grabber_int=\count189
\l__xparse_m_args_int=\count190
\l__xparse_v_nesting_int=\count191
)
Package: fontspec 2019/03/15 v2.7c Font selection for XeLaTeX and LuaLaTeX

(c:/Users/macar/AppData/Roaming/TinyTeX/texmf-dist/tex/latex/fontspec/fontspec-
xetex.sty
Package: fontspec-xetex 2019/03/15 v2.7c Font selection for XeLaTeX and LuaLaTe
X
\l__fontspec_script_int=\count192
\l__fontspec_language_int=\count193
\l__fontspec_strnum_int=\count194
\l__fontspec_tmp_int=\count195
\l__fontspec_tmpa_int=\count196
\l__fontspec_tmpb_int=\count197
\l__fontspec_tmpc_int=\count198
\l__fontspec_em_int=\count199
\l__fontspec_emdef_int=\count266
\l__fontspec_strong_int=\count267
\l__fontspec_strongdef_int=\count268
\l__fontspec_tmpa_dim=\dimen144
\l__fontspec_tmpb_dim=\dimen145
\l__fontspec_tmpc_dim=\dimen146
(c:/Users/macar/AppData/Roaming/TinyTeX/texmf-dist/tex/latex/base/fontenc.sty
Package: fontenc 2018/08/11 v2.0j Standard LaTeX package
(c:/Users/macar/AppData/Roaming/TinyTeX/texmf-dist/tex/latex/base/tuenc.def
File: tuenc.def 2018/08/11 v2.0j Standard LaTeX file
LaTeX Font Info:    Redeclaring font encoding TU on input line 82.
))
(c:/Users/macar/AppData/Roaming/TinyTeX/texmf-dist/tex/latex/fontspec/fontspec.
cfg)
LaTeX Info: Redefining \itshape on input line 4051.
LaTeX Info: Redefining \slshape on input line 4056.
LaTeX Info: Redefining \scshape on input line 4061.
LaTeX Info: Redefining \upshape on input line 4066.
LaTeX Info: Redefining \em on input line 4096.
LaTeX Info: Redefining \emph on input line 4121.
))
(c:/Users/macar/AppData/Roaming/TinyTeX/texmf-dist/tex/latex/xkeyval/xkeyval.st
y
Package: xkeyval 2014/12/03 v2.7a package option processing (HA)

(c:/Users/macar/AppData/Roaming/TinyTeX/texmf-dist/tex/generic/xkeyval/xkeyval.
tex
(c:/Users/macar/AppData/Roaming/TinyTeX/texmf-dist/tex/generic/xkeyval/xkvutils
.tex
\XKV@toks=\toks20
\XKV@tempa@toks=\toks21

(c:/Users/macar/AppData/Roaming/TinyTeX/texmf-dist/tex/generic/xkeyval/keyval.t
ex))
\XKV@depth=\count269
File: xkeyval.tex 2014/12/03 v2.7a key=value parser (HA)
))
\c@eu@=\count270
\c@eu@i=\count271
\c@mkern=\count272
)
(c:/Users/macar/AppData/Roaming/TinyTeX/texmf-dist/tex/latex/upquote/upquote.st
y
Package: upquote 2012/04/19 v1.3 upright-quote and grave-accent glyphs in verba
tim
(c:/Users/macar/AppData/Roaming/TinyTeX/texmf-dist/tex/latex/base/textcomp.sty
Package: textcomp 2018/08/11 v2.0j Standard LaTeX package
Package textcomp Info: Sub-encoding information:
(textcomp)               5 = only ISO-Adobe without \textcurrency
(textcomp)               4 = 5 + \texteuro
(textcomp)               3 = 4 + \textohm
(textcomp)               2 = 3 + \textestimated + \textcurrency
(textcomp)               1 = TS1 - \textcircled - \t
(textcomp)               0 = TS1 (full)
(textcomp)             Font families with sub-encoding setting implement
(textcomp)             only a restricted character set as indicated.
(textcomp)             Family '?' is the default used for unknown fonts.
(textcomp)             See the documentation for details.
Package textcomp Info: Setting ? sub-encoding to TS1/1 on input line 79.
(c:/Users/macar/AppData/Roaming/TinyTeX/texmf-dist/tex/latex/base/ts1enc.def
File: ts1enc.def 2001/06/05 v3.0e (jk/car/fm) Standard LaTeX file
)
LaTeX Info: Redefining \oldstylenums on input line 334.
Package textcomp Info: Setting cmr sub-encoding to TS1/0 on input line 349.
Package textcomp Info: Setting cmss sub-encoding to TS1/0 on input line 350.
Package textcomp Info: Setting cmtt sub-encoding to TS1/0 on input line 351.
Package textcomp Info: Setting cmvtt sub-encoding to TS1/0 on input line 352.
Package textcomp Info: Setting cmbr sub-encoding to TS1/0 on input line 353.
Package textcomp Info: Setting cmtl sub-encoding to TS1/0 on input line 354.
Package textcomp Info: Setting ccr sub-encoding to TS1/0 on input line 355.
Package textcomp Info: Setting ptm sub-encoding to TS1/4 on input line 356.
Package textcomp Info: Setting pcr sub-encoding to TS1/4 on input line 357.
Package textcomp Info: Setting phv sub-encoding to TS1/4 on input line 358.
Package textcomp Info: Setting ppl sub-encoding to TS1/3 on input line 359.
Package textcomp Info: Setting pag sub-encoding to TS1/4 on input line 360.
Package textcomp Info: Setting pbk sub-encoding to TS1/4 on input line 361.
Package textcomp Info: Setting pnc sub-encoding to TS1/4 on input line 362.
Package textcomp Info: Setting pzc sub-encoding to TS1/4 on input line 363.
Package textcomp Info: Setting bch sub-encoding to TS1/4 on input line 364.
Package textcomp Info: Setting put sub-encoding to TS1/5 on input line 365.
Package textcomp Info: Setting uag sub-encoding to TS1/5 on input line 366.
Package textcomp Info: Setting ugq sub-encoding to TS1/5 on input line 367.
Package textcomp Info: Setting ul8 sub-encoding to TS1/4 on input line 368.
Package textcomp Info: Setting ul9 sub-encoding to TS1/4 on input line 369.
Package textcomp Info: Setting augie sub-encoding to TS1/5 on input line 370.
Package textcomp Info: Setting dayrom sub-encoding to TS1/3 on input line 371.
Package textcomp Info: Setting dayroms sub-encoding to TS1/3 on input line 372.

Package textcomp Info: Setting pxr sub-encoding to TS1/0 on input line 373.
Package textcomp Info: Setting pxss sub-encoding to TS1/0 on input line 374.
Package textcomp Info: Setting pxtt sub-encoding to TS1/0 on input line 375.
Package textcomp Info: Setting txr sub-encoding to TS1/0 on input line 376.
Package textcomp Info: Setting txss sub-encoding to TS1/0 on input line 377.
Package textcomp Info: Setting txtt sub-encoding to TS1/0 on input line 378.
Package textcomp Info: Setting lmr sub-encoding to TS1/0 on input line 379.
Package textcomp Info: Setting lmdh sub-encoding to TS1/0 on input line 380.
Package textcomp Info: Setting lmss sub-encoding to TS1/0 on input line 381.
Package textcomp Info: Setting lmssq sub-encoding to TS1/0 on input line 382.
Package textcomp Info: Setting lmvtt sub-encoding to TS1/0 on input line 383.
Package textcomp Info: Setting lmtt sub-encoding to TS1/0 on input line 384.
Package textcomp Info: Setting qhv sub-encoding to TS1/0 on input line 385.
Package textcomp Info: Setting qag sub-encoding to TS1/0 on input line 386.
Package textcomp Info: Setting qbk sub-encoding to TS1/0 on input line 387.
Package textcomp Info: Setting qcr sub-encoding to TS1/0 on input line 388.
Package textcomp Info: Setting qcs sub-encoding to TS1/0 on input line 389.
Package textcomp Info: Setting qpl sub-encoding to TS1/0 on input line 390.
Package textcomp Info: Setting qtm sub-encoding to TS1/0 on input line 391.
Package textcomp Info: Setting qzc sub-encoding to TS1/0 on input line 392.
Package textcomp Info: Setting qhvc sub-encoding to TS1/0 on input line 393.
Package textcomp Info: Setting futs sub-encoding to TS1/4 on input line 394.
Package textcomp Info: Setting futx sub-encoding to TS1/4 on input line 395.
Package textcomp Info: Setting futj sub-encoding to TS1/4 on input line 396.
Package textcomp Info: Setting hlh sub-encoding to TS1/3 on input line 397.
Package textcomp Info: Setting hls sub-encoding to TS1/3 on input line 398.
Package textcomp Info: Setting hlst sub-encoding to TS1/3 on input line 399.
Package textcomp Info: Setting hlct sub-encoding to TS1/5 on input line 400.
Package textcomp Info: Setting hlx sub-encoding to TS1/5 on input line 401.
Package textcomp Info: Setting hlce sub-encoding to TS1/5 on input line 402.
Package textcomp Info: Setting hlcn sub-encoding to TS1/5 on input line 403.
Package textcomp Info: Setting hlcw sub-encoding to TS1/5 on input line 404.
Package textcomp Info: Setting hlcf sub-encoding to TS1/5 on input line 405.
Package textcomp Info: Setting pplx sub-encoding to TS1/3 on input line 406.
Package textcomp Info: Setting pplj sub-encoding to TS1/3 on input line 407.
Package textcomp Info: Setting ptmx sub-encoding to TS1/4 on input line 408.
Package textcomp Info: Setting ptmj sub-encoding to TS1/4 on input line 409.
))
(c:/Users/macar/AppData/Roaming/TinyTeX/texmf-dist/tex/latex/geometry/geometry.
sty
Package: geometry 2018/04/16 v5.8 Page Geometry

(c:/Users/macar/AppData/Roaming/TinyTeX/texmf-dist/tex/generic/oberdiek/ifpdf.s
ty
Package: ifpdf 2018/09/07 v3.3 Provides the ifpdf switch
)
(c:/Users/macar/AppData/Roaming/TinyTeX/texmf-dist/tex/generic/oberdiek/ifvtex.
sty
Package: ifvtex 2016/05/16 v1.6 Detect VTeX and its facilities (HO)
Package ifvtex Info: VTeX not detected.
)
\Gm@cnth=\count273
\Gm@cntv=\count274
\c@Gm@tempcnt=\count275
\Gm@bindingoffset=\dimen147
\Gm@wd@mp=\dimen148
\Gm@odd@mp=\dimen149
\Gm@even@mp=\dimen150
\Gm@layoutwidth=\dimen151
\Gm@layoutheight=\dimen152
\Gm@layouthoffset=\dimen153
\Gm@layoutvoffset=\dimen154
\Gm@dimlist=\toks22
)
(c:/Users/macar/AppData/Roaming/TinyTeX/texmf-dist/tex/latex/hyperref/hyperref.
sty
Package: hyperref 2018/11/30 v6.88e Hypertext links for LaTeX

(c:/Users/macar/AppData/Roaming/TinyTeX/texmf-dist/tex/generic/oberdiek/hobsub-
hyperref.sty
Package: hobsub-hyperref 2016/05/16 v1.14 Bundle oberdiek, subset hyperref (HO)


(c:/Users/macar/AppData/Roaming/TinyTeX/texmf-dist/tex/generic/oberdiek/hobsub-
generic.sty
Package: hobsub-generic 2016/05/16 v1.14 Bundle oberdiek, subset generic (HO)
Package: hobsub 2016/05/16 v1.14 Construct package bundles (HO)
Package: infwarerr 2016/05/16 v1.4 Providing info/warning/error messages (HO)
Package: ltxcmds 2016/05/16 v1.23 LaTeX kernel commands for general use (HO)
Package hobsub Info: Skipping package `ifluatex' (already loaded).
Package hobsub Info: Skipping package `ifvtex' (already loaded).
Package: intcalc 2016/05/16 v1.2 Expandable calculations with integers (HO)
Package hobsub Info: Skipping package `ifpdf' (already loaded).
Package: etexcmds 2016/05/16 v1.6 Avoid name clashes with e-TeX commands (HO)
Package: kvsetkeys 2016/05/16 v1.17 Key value parser (HO)
Package: kvdefinekeys 2016/05/16 v1.4 Define keys (HO)
Package: pdftexcmds 2018/09/10 v0.29 Utility functions of pdfTeX for LuaTeX (HO
)
Package pdftexcmds Info: LuaTeX not detected.
Package pdftexcmds Info: pdfTeX >= 1.30 not detected.
Package pdftexcmds Info: \pdf@primitive is available.
Package pdftexcmds Info: \pdf@ifprimitive is available.
Package pdftexcmds Info: \pdfdraftmode not found.
Package: pdfescape 2016/05/16 v1.14 Implements pdfTeX's escape features (HO)
Package: bigintcalc 2016/05/16 v1.4 Expandable calculations on big integers (HO
)
Package: bitset 2016/05/16 v1.2 Handle bit-vector datatype (HO)
Package: uniquecounter 2016/05/16 v1.3 Provide unlimited unique counter (HO)
)
Package hobsub Info: Skipping package `hobsub' (already loaded).
Package: letltxmacro 2016/05/16 v1.5 Let assignment for LaTeX macros (HO)
Package: hopatch 2016/05/16 v1.3 Wrapper for package hooks (HO)
Package: xcolor-patch 2016/05/16 xcolor patch
Package: atveryend 2016/05/16 v1.9 Hooks at the very end of document (HO)
Package: atbegshi 2016/06/09 v1.18 At begin shipout hook (HO)
Package: refcount 2016/05/16 v3.5 Data extraction from label references (HO)
Package: hycolor 2016/05/16 v1.8 Color options for hyperref/bookmark (HO)
)
(c:/Users/macar/AppData/Roaming/TinyTeX/texmf-dist/tex/latex/oberdiek/auxhook.s
ty
Package: auxhook 2016/05/16 v1.4 Hooks for auxiliary files (HO)
)
(c:/Users/macar/AppData/Roaming/TinyTeX/texmf-dist/tex/latex/oberdiek/kvoptions
.sty
Package: kvoptions 2016/05/16 v3.12 Key value format for package options (HO)
)
\@linkdim=\dimen155
\Hy@linkcounter=\count276
\Hy@pagecounter=\count277

(c:/Users/macar/AppData/Roaming/TinyTeX/texmf-dist/tex/latex/hyperref/pd1enc.de
f
File: pd1enc.def 2018/11/30 v6.88e Hyperref: PDFDocEncoding definition (HO)
)
\Hy@SavedSpaceFactor=\count278

(c:/Users/macar/AppData/Roaming/TinyTeX/texmf-dist/tex/latex/latexconfig/hyperr
ef.cfg
File: hyperref.cfg 2002/06/06 v1.2 hyperref configuration of TeXLive
)
Package hyperref Info: Hyper figures OFF on input line 4519.
Package hyperref Info: Link nesting OFF on input line 4524.
Package hyperref Info: Hyper index ON on input line 4527.
Package hyperref Info: Plain pages OFF on input line 4534.
Package hyperref Info: Backreferencing OFF on input line 4539.
Package hyperref Info: Implicit mode ON; LaTeX internals redefined.
Package hyperref Info: Bookmarks ON on input line 4772.
\c@Hy@tempcnt=\count279
(c:/Users/macar/AppData/Roaming/TinyTeX/texmf-dist/tex/latex/url/url.sty
\Urlmuskip=\muskip17
Package: url 2013/09/16  ver 3.4  Verb mode for urls, etc.
)
LaTeX Info: Redefining \url on input line 5125.
\XeTeXLinkMargin=\dimen156
\Fld@menulength=\count280
\Field@Width=\dimen157
\Fld@charsize=\dimen158
Package hyperref Info: Hyper figures OFF on input line 6380.
Package hyperref Info: Link nesting OFF on input line 6385.
Package hyperref Info: Hyper index ON on input line 6388.
Package hyperref Info: backreferencing OFF on input line 6395.
Package hyperref Info: Link coloring OFF on input line 6400.
Package hyperref Info: Link coloring with OCG OFF on input line 6405.
Package hyperref Info: PDF/A mode OFF on input line 6410.
LaTeX Info: Redefining \ref on input line 6450.
LaTeX Info: Redefining \pageref on input line 6454.
\Hy@abspage=\count281
\c@Item=\count282
\c@Hfootnote=\count283
)
Package hyperref Info: Driver (autodetected): hxetex.

(c:/Users/macar/AppData/Roaming/TinyTeX/texmf-dist/tex/latex/hyperref/hxetex.de
f
File: hxetex.def 2018/11/30 v6.88e Hyperref driver for XeTeX

(c:/Users/macar/AppData/Roaming/TinyTeX/texmf-dist/tex/latex/hyperref/puenc.def
File: puenc.def 2018/11/30 v6.88e Hyperref: PDF Unicode definition (HO)
)
(c:/Users/macar/AppData/Roaming/TinyTeX/texmf-dist/tex/generic/oberdiek/stringe
nc.sty
Package: stringenc 2016/05/16 v1.11 Convert strings between diff. encodings (HO
)
)
\pdfm@box=\box48
\c@Hy@AnnotLevel=\count284
\HyField@AnnotCount=\count285
\Fld@listcount=\count286
\c@bookmark@seq@number=\count287

(c:/Users/macar/AppData/Roaming/TinyTeX/texmf-dist/tex/latex/oberdiek/rerunfile
check.sty
Package: rerunfilecheck 2016/05/16 v1.8 Rerun checks for auxiliary files (HO)
Package uniquecounter Info: New unique counter `rerunfilecheck' on input line 2
82.
)
\Hy@SectionHShift=\skip52
)
Package hyperref Info: Option `unicode' set `true' on input line 30.

(c:/Users/macar/AppData/Roaming/TinyTeX/texmf-dist/tex/generic/oberdiek/se-asci
i-print.def
File: se-ascii-print.def 2016/05/16 v1.11 stringenc: Printable ASCII characters

)
Package hyperref Info: Option `breaklinks' set `true' on input line 30.
(c:/Users/macar/AppData/Roaming/TinyTeX/texmf-dist/tex/latex/natbib/natbib.sty
Package: natbib 2010/09/13 8.31b (PWD, AO)
\bibhang=\skip53
\bibsep=\skip54
LaTeX Info: Redefining \cite on input line 694.
\c@NAT@ctr=\count288
)
(c:/Users/macar/AppData/Roaming/TinyTeX/texmf-dist/tex/latex/graphics/color.sty
Package: color 2016/07/10 v1.1e Standard LaTeX Color (DPC)

(c:/Users/macar/AppData/Roaming/TinyTeX/texmf-dist/tex/latex/graphics-cfg/color
.cfg
File: color.cfg 2016/01/02 v1.6 sample color configuration
)
Package color Info: Driver file: xetex.def on input line 147.

(c:/Users/macar/AppData/Roaming/TinyTeX/texmf-dist/tex/latex/graphics-def/xetex
.def
File: xetex.def 2017/06/24 v5.0h Graphics/color driver for xetex
))
(c:/Users/macar/AppData/Roaming/TinyTeX/texmf-dist/tex/latex/fancyvrb/fancyvrb.
sty
Package: fancyvrb 2019/01/15
Style option: `fancyvrb' v3.2a <2019/01/15> (tvz)
\FV@CodeLineNo=\count289
\FV@InFile=\read2
\FV@TabBox=\box49
\c@FancyVerbLine=\count290
\FV@StepNumber=\count291
\FV@OutFile=\write3
) (c:/Users/macar/AppData/Roaming/TinyTeX/texmf-dist/tex/latex/framed/framed.st
y
Package: framed 2011/10/22 v 0.96: framed or shaded text with page breaks
\OuterFrameSep=\skip55
\fb@frw=\dimen159
\fb@frh=\dimen160
\FrameRule=\dimen161
\FrameSep=\dimen162
)
(c:/Users/macar/AppData/Roaming/TinyTeX/texmf-dist/tex/latex/tools/longtable.st
y
Package: longtable 2014/10/28 v4.11 Multi-page Table package (DPC)+ FMi change
\LTleft=\skip56
\LTright=\skip57
\LTpre=\skip58
\LTpost=\skip59
\LTchunksize=\count292
\LTcapwidth=\dimen163
\LT@head=\box50
\LT@firsthead=\box51
\LT@foot=\box52
\LT@lastfoot=\box53
\LT@cols=\count293
\LT@rows=\count294
\c@LT@tables=\count295
\c@LT@chunks=\count296
\LT@p@ftn=\toks23
)
(c:/Users/macar/AppData/Roaming/TinyTeX/texmf-dist/tex/latex/booktabs/booktabs.
sty
Package: booktabs 2016/04/27 v1.618033 publication quality tables
\heavyrulewidth=\dimen164
\lightrulewidth=\dimen165
\cmidrulewidth=\dimen166
\belowrulesep=\dimen167
\belowbottomsep=\dimen168
\aboverulesep=\dimen169
\abovetopsep=\dimen170
\cmidrulesep=\dimen171
\cmidrulekern=\dimen172
\defaultaddspace=\dimen173
\@cmidla=\count297
\@cmidlb=\count298
\@aboverulesep=\dimen174
\@belowrulesep=\dimen175
\@thisruleclass=\count299
\@lastruleclass=\count300
\@thisrulewidth=\dimen176
)
(c:/Users/macar/AppData/Roaming/TinyTeX/texmf-dist/tex/latex/graphics/graphicx.
sty
Package: graphicx 2017/06/01 v1.1a Enhanced LaTeX Graphics (DPC,SPQR)

(c:/Users/macar/AppData/Roaming/TinyTeX/texmf-dist/tex/latex/graphics/graphics.
sty
Package: graphics 2017/06/25 v1.2c Standard LaTeX Graphics (DPC,SPQR)
(c:/Users/macar/AppData/Roaming/TinyTeX/texmf-dist/tex/latex/graphics/trig.sty
Package: trig 2016/01/03 v1.10 sin cos tan (DPC)
)
(c:/Users/macar/AppData/Roaming/TinyTeX/texmf-dist/tex/latex/graphics-cfg/graph
ics.cfg
File: graphics.cfg 2016/06/04 v1.11 sample graphics configuration
)
Package graphics Info: Driver file: xetex.def on input line 99.
)
\Gin@req@height=\dimen177
\Gin@req@width=\dimen178
)
(c:/Users/macar/AppData/Roaming/TinyTeX/texmf-dist/tex/latex/oberdiek/grffile.s
ty
Package: grffile 2017/06/30 v1.18 Extended file name support for graphics (HO)
Package grffile Info: Option `multidot' is set to `true'.
Package grffile Info: Option `extendedchars' is set to `false'.
Package grffile Info: Option `space' is set to `true'.
Package grffile Info: \Gin@ii of package `graphicx' fixed on input line 494.
)
(c:/Users/macar/AppData/Roaming/TinyTeX/texmf-dist/tex/latex/titling/titling.st
y
Package: titling 2009/09/04 v2.1d maketitle typesetting
\thanksmarkwidth=\skip60
\thanksmargin=\skip61
\droptitle=\skip62
) (./ii.aux

LaTeX Warning: Label `tab:unnamed-chunk-62' multiply defined.


LaTeX Warning: Label `tab:unnamed-chunk-63' multiply defined.


LaTeX Warning: Label `CaseLearn' multiply defined.


LaTeX Warning: Label `morn' multiply defined.


LaTeX Warning: Label `tab:unnamed-chunk-86' multiply defined.


LaTeX Warning: Label `experiments' multiply defined.

)
\openout1 = `ii.aux'.

LaTeX Font Info:    Checking defaults for OML/cmm/m/it on input line 136.
LaTeX Font Info:    ... okay on input line 136.
LaTeX Font Info:    Checking defaults for T1/cmr/m/n on input line 136.
LaTeX Font Info:    ... okay on input line 136.
LaTeX Font Info:    Checking defaults for OT1/cmr/m/n on input line 136.
LaTeX Font Info:    ... okay on input line 136.
LaTeX Font Info:    Checking defaults for OMS/cmsy/m/n on input line 136.
LaTeX Font Info:    ... okay on input line 136.
LaTeX Font Info:    Checking defaults for TU/lmr/m/n on input line 136.
LaTeX Font Info:    ... okay on input line 136.
LaTeX Font Info:    Checking defaults for OMX/cmex/m/n on input line 136.
LaTeX Font Info:    ... okay on input line 136.
LaTeX Font Info:    Checking defaults for U/cmr/m/n on input line 136.
LaTeX Font Info:    ... okay on input line 136.
LaTeX Font Info:    Checking defaults for TS1/cmr/m/n on input line 136.
LaTeX Font Info:    Try loading font information for TS1+cmr on input line 136.

(c:/Users/macar/AppData/Roaming/TinyTeX/texmf-dist/tex/latex/base/ts1cmr.fd
File: ts1cmr.fd 2014/09/29 v2.5h Standard LaTeX font definitions
)
LaTeX Font Info:    ... okay on input line 136.
LaTeX Font Info:    Checking defaults for PD1/pdf/m/n on input line 136.
LaTeX Font Info:    ... okay on input line 136.
LaTeX Font Info:    Checking defaults for PU/pdf/m/n on input line 136.
LaTeX Font Info:    ... okay on input line 136.
*geometry* driver: auto-detecting
*geometry* detected driver: xetex
*geometry* verbose mode - [ preamble ] result:
* driver: xetex
* paper: <default>
* layout: <same size as paper>
* layoutoffset:(h,v)=(0.0pt,0.0pt)
* modes: twoside 
* h-part:(L,W,R)=(72.26999pt, 469.75502pt, 72.26999pt)
* v-part:(T,H,B)=(72.26999pt, 650.43001pt, 72.26999pt)
* \paperwidth=614.295pt
* \paperheight=794.96999pt
* \textwidth=469.75502pt
* \textheight=650.43001pt
* \oddsidemargin=0.0pt
* \evensidemargin=0.0pt
* \topmargin=-31.8738pt
* \headheight=12.0pt
* \headsep=19.8738pt
* \topskip=12.0pt
* \footskip=30.0pt
* \marginparwidth=98.0pt
* \marginparsep=7.0pt
* \columnsep=10.0pt
* \skip\footins=10.8pt plus 4.0pt minus 2.0pt
* \hoffset=0.0pt
* \voffset=0.0pt
* \mag=1000
* \@twocolumnfalse
* \@twosidetrue
* \@mparswitchtrue
* \@reversemarginfalse
* (1in=72.27pt=25.4mm, 1cm=28.453pt)

\AtBeginShipoutBox=\box54
Package hyperref Info: Link coloring OFF on input line 136.

(c:/Users/macar/AppData/Roaming/TinyTeX/texmf-dist/tex/latex/hyperref/nameref.s
ty
Package: nameref 2016/05/21 v2.44 Cross-referencing by name of section

(c:/Users/macar/AppData/Roaming/TinyTeX/texmf-dist/tex/generic/oberdiek/gettitl
estring.sty
Package: gettitlestring 2016/05/16 v1.5 Cleanup title references (HO)
)
\c@section@level=\count301
)
LaTeX Info: Redefining \ref on input line 136.
LaTeX Info: Redefining \pageref on input line 136.
LaTeX Info: Redefining \nameref on input line 136.
(./ii.out) (./ii.out)
\@outlinefile=\write4
\openout4 = `ii.out'.

[1


] [2

] (./ii.toc
LaTeX Font Info:    Try loading font information for OT1+lmr on input line 3.
(c:/Users/macar/AppData/Roaming/TinyTeX/texmf-dist/tex/latex/lm/ot1lmr.fd
File: ot1lmr.fd 2009/10/30 v1.6 Font defs for Latin Modern
)
LaTeX Font Info:    Try loading font information for OML+lmm on input line 3.
(c:/Users/macar/AppData/Roaming/TinyTeX/texmf-dist/tex/latex/lm/omllmm.fd
File: omllmm.fd 2009/10/30 v1.6 Font defs for Latin Modern
)
LaTeX Font Info:    Try loading font information for OMS+lmsy on input line 3.
(c:/Users/macar/AppData/Roaming/TinyTeX/texmf-dist/tex/latex/lm/omslmsy.fd
File: omslmsy.fd 2009/10/30 v1.6 Font defs for Latin Modern
)
LaTeX Font Info:    Try loading font information for OMX+lmex on input line 3.
(c:/Users/macar/AppData/Roaming/TinyTeX/texmf-dist/tex/latex/lm/omxlmex.fd
File: omxlmex.fd 2009/10/30 v1.6 Font defs for Latin Modern
)
LaTeX Font Info:    External font `lmex10' loaded for size
(Font)              <12> on input line 3.
LaTeX Font Info:    External font `lmex10' loaded for size
(Font)              <8> on input line 3.
LaTeX Font Info:    External font `lmex10' loaded for size
(Font)              <6> on input line 3.
LaTeX Font Info:    Try loading font information for U+msa on input line 3.
(c:/Users/macar/AppData/Roaming/TinyTeX/texmf-dist/tex/latex/amsfonts/umsa.fd
File: umsa.fd 2013/01/14 v3.01 AMS symbols A
)
LaTeX Font Info:    Try loading font information for U+msb on input line 3.
(c:/Users/macar/AppData/Roaming/TinyTeX/texmf-dist/tex/latex/amsfonts/umsb.fd
File: umsb.fd 2013/01/14 v3.01 AMS symbols B
) [3] [4] [5]
LaTeX Font Info:    Font shape `TU/lmtt/bx/n' in size <12> not available
(Font)              Font shape `TU/lmtt/b/n' tried instead on input line 183.
)
\tf@toc=\write5
\openout5 = `ii.toc'.

[6] [7

] [8

]
Chapter 1.
[9] [10]
LaTeX Font Info:    External font `lmex10' loaded for size
(Font)              <10> on input line 236.
LaTeX Font Info:    External font `lmex10' loaded for size
(Font)              <7> on input line 236.
LaTeX Font Info:    External font `lmex10' loaded for size
(Font)              <5> on input line 236.
[11] [12] [13] [14] [15] [16] [17] [18] [19

] [20]
Chapter 2.
[21

] [22] [23] [24] [25]
File: ii_files/figure-latex/simpleDAG-1.pdf Graphic file (type pdf)
<use ii_files/figure-latex/simpleDAG-1.pdf>
[26] [27] [28] [29] [30] [31] [32] [33] [34] [35]
File: ii_files/figure-latex/warDAG-1.pdf Graphic file (type pdf)
<use ii_files/figure-latex/warDAG-1.pdf>
File: ii_files/figure-latex/unnamed-chunk-6-1.pdf Graphic file (type pdf)
<use ii_files/figure-latex/unnamed-chunk-6-1.pdf>
[36] [37]
File: ii_files/figure-latex/unnamed-chunk-7-1.pdf Graphic file (type pdf)
<use ii_files/figure-latex/unnamed-chunk-7-1.pdf>
[38] [39]
File: ii_files/figure-latex/running-1.pdf Graphic file (type pdf)
<use ii_files/figure-latex/running-1.pdf>
[40] [41]
File: ii_files/figure-latex/unnamed-chunk-8-1.pdf Graphic file (type pdf)
<use ii_files/figure-latex/unnamed-chunk-8-1.pdf>

LaTeX Warning: Reference `DAGPierson' on page 42 undefined on input line 929.

[42] [43]
File: ii_files/figure-latex/unnamed-chunk-9-1.pdf Graphic file (type pdf)
<use ii_files/figure-latex/unnamed-chunk-9-1.pdf>
[44]
Underfull \vbox (badness 1635) has occurred while \output is active []

[45]
File: ii_files/figure-latex/DAGPL-1.pdf Graphic file (type pdf)
<use ii_files/figure-latex/DAGPL-1.pdf>
[46] [47] [48] [49] [50

]
Chapter 3.
[51]
File: ii_files/figure-latex/demtheory5-1.pdf Graphic file (type pdf)
<use ii_files/figure-latex/demtheory5-1.pdf>

Underfull \vbox (badness 10000) has occurred while \output is active []

[52] [53]

LaTeX Warning: Reference `fig:Demtheory' on page 54 undefined on input line 120
7.

[54]
File: ii_files/figure-latex/unnamed-chunk-12-1.pdf Graphic file (type pdf)
<use ii_files/figure-latex/unnamed-chunk-12-1.pdf>
[55] [56]
Underfull \hbox (badness 10000) in paragraph at lines 1263--1265

 []

[57]
File: ii_files/figure-latex/incompat-1.pdf Graphic file (type pdf)
<use ii_files/figure-latex/incompat-1.pdf>
[58] [59]
File: ii_files/figure-latex/elimrules-1.pdf Graphic file (type pdf)
<use ii_files/figure-latex/elimrules-1.pdf>
[60] [61]
File: ii_files/figure-latex/lowercomplexdem-1.pdf Graphic file (type pdf)
<use ii_files/figure-latex/lowercomplexdem-1.pdf>
File: ii_files/figure-latex/runningsubs-1.pdf Graphic file (type pdf)
<use ii_files/figure-latex/runningsubs-1.pdf>
[62] [63] [64]
Underfull \hbox (badness 10000) in paragraph at lines 1486--1488

 []

[65] [66] [67]

LaTeX Warning: Reference `fig:HighLow' on page 68 undefined on input line 1639.


[68] [69] [70]
File: ii_files/figure-latex/game1-1.pdf Graphic file (type pdf)
<use ii_files/figure-latex/game1-1.pdf>
[71] [72]
File: ii_files/figure-latex/unnamed-chunk-13-1.pdf Graphic file (type pdf)
<use ii_files/figure-latex/unnamed-chunk-13-1.pdf>
[73] [74] [75] [76

]
Chapter 4.
[77] [78]
File: ii_files/figure-latex/unnamed-chunk-15-1.pdf Graphic file (type pdf)
<use ii_files/figure-latex/unnamed-chunk-15-1.pdf>
[79]
File: ii_files/figure-latex/attribquery-1.pdf Graphic file (type pdf)
<use ii_files/figure-latex/attribquery-1.pdf>
[80] [81] [82] [83]
File: ii_files/figure-latex/unnamed-chunk-16-1.pdf Graphic file (type pdf)
<use ii_files/figure-latex/unnamed-chunk-16-1.pdf>
[84]
Underfull \vbox (badness 10000) has occurred while \output is active []

[85]
File: ii_files/figure-latex/unnamed-chunk-17-1.pdf Graphic file (type pdf)
<use ii_files/figure-latex/unnamed-chunk-17-1.pdf>
[86]
File: ii_files/figure-latex/unnamed-chunk-18-1.pdf Graphic file (type pdf)
<use ii_files/figure-latex/unnamed-chunk-18-1.pdf>
[87] [88] [89] [90]
File: ii_files/figure-latex/running2-1.pdf Graphic file (type pdf)
<use ii_files/figure-latex/running2-1.pdf>
[91] [92] [93] [94] [95] [96]
Chapter 5.
[97

]
Overfull \hbox (14.23062pt too wide) detected at line 2071
[] \OT1/lmr/m/n/12 = []
 []


Overfull \hbox (25.47464pt too wide) detected at line 2081
[] \OT1/lmr/m/n/12 = []
 []

[98] [99]
File: ii_files/figure-latex/Betas-1.pdf Graphic file (type pdf)
<use ii_files/figure-latex/Betas-1.pdf>
[100] [101] [102]
File: ii_files/figure-latex/simpleXYDAG-1.pdf Graphic file (type pdf)
<use ii_files/figure-latex/simpleXYDAG-1.pdf>
[103] [104] [105] [106] [107] [108]
File: ii_files/figure-latex/unnamed-chunk-23-1.pdf Graphic file (type pdf)
<use ii_files/figure-latex/unnamed-chunk-23-1.pdf>

LaTeX Warning: Reference `CluesInferences2' on page 109 undefined on input line
 2319.

[109] [110]

LaTeX Warning: Reference `CluesInferences2' on page 111 undefined on input line
 2331.


LaTeX Warning: Reference `CluesInferences2' on page 111 undefined on input line
 2333.

File: ii_files/figure-latex/CluesInferences2-1.pdf Graphic file (type pdf)
<use ii_files/figure-latex/CluesInferences2-1.pdf>
[111] [112] [113]
File: ii_files/figure-latex/unnamed-chunk-24-1.pdf Graphic file (type pdf)
<use ii_files/figure-latex/unnamed-chunk-24-1.pdf>

Underfull \vbox (badness 10000) has occurred while \output is active []

[114] [115] [116

] [117] [118]
Chapter 6.
[119

]
Overfull \hbox (101.00116pt too wide) in paragraph at lines 2464--2533
 [][] 
 []

[120] [121]
Overfull \hbox (111.1649pt too wide) in paragraph at lines 2601--2601
[]\TU/lmtt/m/n/12 X0.M10.Y10, X1.M10.Y10, X0.M01.Y10, X1.M01.Y10, X0.M10.Y01, X
1.M10.Y01, X0.M01.Y01, X1.M01.Y01[] 
 []

File: ii_files/figure-latex/unnamed-chunk-34-1.pdf Graphic file (type pdf)
<use ii_files/figure-latex/unnamed-chunk-34-1.pdf>
[122] [123] [124] [125] [126] [127]
Overfull \hbox (36.51758pt too wide) detected at line 2716
[] \OT1/lmr/m/n/12 = [] + []
 []

[128]
File: ii_files/figure-latex/phis-1.pdf Graphic file (type pdf)
<use ii_files/figure-latex/phis-1.pdf>
[129] [130]

LaTeX Warning: `!h' float specifier changed to `!ht'.

[131] [132]
File: ii_files/figure-latex/unnamed-chunk-35-1.pdf Graphic file (type pdf)
<use ii_files/figure-latex/unnamed-chunk-35-1.pdf>

Underfull \vbox (badness 1859) has occurred while \output is active []

[133]
Overfull \hbox (580.84482pt too wide) in paragraph at lines 2860--2860
[]\TU/lmtt/m/n/12 ## The get_estimands function has been renamed draw_estimands
, to make clear that the estimands are draws from a simulation. Please replace 
your code with draw_estimands.[] 
 []

LaTeX Font Info:    External font `lmex10' loaded for size
(Font)              <14.4> on input line 2872.
[134] [135]
File: ii_files/figure-latex/unnamed-chunk-37-1.pdf Graphic file (type pdf)
<use ii_files/figure-latex/unnamed-chunk-37-1.pdf>
[136] [137]
File: ii_files/figure-latex/unnamed-chunk-39-1.pdf Graphic file (type pdf)
<use ii_files/figure-latex/unnamed-chunk-39-1.pdf>
[138] [139] [140] [141] [142] [143] [144] [145] [146

]
Chapter 7.
[147] [148] [149]
File: ii_files/figure-latex/dagdemochigh-1.pdf Graphic file (type pdf)
<use ii_files/figure-latex/dagdemochigh-1.pdf>
[150]
File: ii_files/figure-latex/unnamed-chunk-41-1.pdf Graphic file (type pdf)
<use ii_files/figure-latex/unnamed-chunk-41-1.pdf>
[151] [152] [153] [154]
Overfull \hbox (10.75177pt too wide) in paragraph at lines 3147--3148
 []\TU/lmr/m/n/12 Excluded?| 
 []


Overfull \hbox (10.75177pt too wide) in paragraph at lines 3161--3162
 []\TU/lmr/m/n/12 Excluded?| 
 []

[155]
Overfull \hbox (10.75177pt too wide) in paragraph at lines 3459--3460
 []\TU/lmr/m/n/12 Excluded?| 
 []


Overfull \hbox (10.75177pt too wide) in paragraph at lines 3473--3474
 []\TU/lmr/m/n/12 Excluded?| 
 []

[156] [157] [158] [159] [160] [161]
Overfull \hbox (13.91716pt too wide) in paragraph at lines 4084--4097
 [][] 
 []

[162]
Overfull \hbox (26.14516pt too wide) in paragraph at lines 4114--4127
 [][] 
 []

[163] [164] [165] [166]
Chapter 8.
[167

] [168] [169]
Overfull \hbox (115.41997pt too wide) detected at line 4290
\OML/lmm/m/it/12 ^^^[] \OT1/lmr/m/n/12 = []
 []

[170] [171] [172]
Chapter 9.
[173

]
Overfull \hbox (568.48451pt too wide) in paragraph at lines 4384--4384
[]\TU/lmtt/m/n/12 ##             (D[I=1, M=0, P=0] > D[I=0, M=0, P=0] | D[I=1, 
M=1, P=0] > D[I=0, M=1, P=0] | D[I=1, M=0, P=1] > D[I=0, M=0, P=1] | D[I=1, M=1
, P=1] > D[I=0, M=1, P=1]) |[] 
 []


Overfull \hbox (568.48451pt too wide) in paragraph at lines 4384--4384
[]\TU/lmtt/m/n/12 ##             (D[M=1, I=0, P=0] < D[M=0, I=0, P=0] | D[M=1, 
I=1, P=0] < D[M=0, I=1, P=0] | D[M=1, I=0, P=1] < D[M=0, I=0, P=1] | D[M=1, I=1
, P=1] < D[M=0, I=1, P=1]) |[] 
 []


Overfull \hbox (556.12453pt too wide) in paragraph at lines 4384--4384
[]\TU/lmtt/m/n/12 ##             (D[P=1, M=0, I=0] < D[P=0, M=0, I=0] | D[P=1, 
M=1, I=0] < D[P=0, M=1, I=0] | D[P=1, M=0, I=1] < D[P=0, M=0, I=1] | D[P=1, M=1
, I=1] < D[P=0, M=1, I=1])[] 
 []


LaTeX Warning: Reference `fig:pimdgraph' on page 174 undefined on input line 43
88.

File: ii_files/figure-latex/pimdgraph-1.pdf Graphic file (type pdf)
<use ii_files/figure-latex/pimdgraph-1.pdf>

Underfull \vbox (badness 2781) has occurred while \output is active []


Overfull \hbox (73.70515pt too wide) has occurred while \output is active
\TU/lmr/m/n/12 174 \TU/lmr/m/sl/12 CHAPTER 9.  MIXED-METHOD APPLICATION: INEQUA
LITY AND DEMOCRACY REVISITED
 []

[174]

LaTeX Warning: Reference `pimdcorr' on page 175 undefined on input line 4417.

[175]
File: ii_files/figure-latex/mixedhet-1.pdf Graphic file (type pdf)
<use ii_files/figure-latex/mixedhet-1.pdf>

Underfull \vbox (badness 10000) has occurred while \output is active []


Overfull \hbox (73.70515pt too wide) has occurred while \output is active
\TU/lmr/m/n/12 176 \TU/lmr/m/sl/12 CHAPTER 9.  MIXED-METHOD APPLICATION: INEQUA
LITY AND DEMOCRACY REVISITED
 []

[176]
File: ii_files/figure-latex/mixedhist2-1.pdf Graphic file (type pdf)
<use ii_files/figure-latex/mixedhist2-1.pdf>

Underfull \vbox (badness 10000) has occurred while \output is active []

[177]
Overfull \hbox (73.70515pt too wide) has occurred while \output is active
\TU/lmr/m/n/12 178 \TU/lmr/m/sl/12 CHAPTER 9.  MIXED-METHOD APPLICATION: INEQUA
LITY AND DEMOCRACY REVISITED
 []

[178] [179]
Overfull \hbox (73.70515pt too wide) has occurred while \output is active
\TU/lmr/m/n/12 180 \TU/lmr/m/sl/12 CHAPTER 9.  MIXED-METHOD APPLICATION: INEQUA
LITY AND DEMOCRACY REVISITED
 []

[180

] [181] [182]
Chapter 10.

Underfull \vbox (badness 1158) has occurred while \output is active []

[183

]
Underfull \hbox (badness 10000) in paragraph at lines 4594--4596

 []

[184] [185]
Underfull \hbox (badness 10000) in paragraph at lines 4673--4674

 []

[186] [187]
File: ii_files/figure-latex/unnamed-chunk-71-1.pdf Graphic file (type pdf)
<use ii_files/figure-latex/unnamed-chunk-71-1.pdf>
[188] [189] [190

]
Chapter 11.
[191] [192]
Missing character: There is no d in font msbm10!
[193]
File: ii_files/figure-latex/ch11strategies_chunk_slowxx-1.pdf Graphic file (typ
e pdf)
<use ii_files/figure-latex/ch11strategies_chunk_slowxx-1.pdf>

LaTeX Warning: Reference `tab:scxrylearning' on page 194 undefined on input lin
e 4906.


Underfull \vbox (badness 1642) has occurred while \output is active []

[194] [195]
Overfull \hbox (568.48451pt too wide) in paragraph at lines 4974--4974
[]\TU/lmtt/m/n/12 ##             (D[I=1, M=0, P=0] > D[I=0, M=0, P=0] | D[I=1, 
M=1, P=0] > D[I=0, M=1, P=0] | D[I=1, M=0, P=1] > D[I=0, M=0, P=1] | D[I=1, M=1
, P=1] > D[I=0, M=1, P=1]) |[] 
 []


Overfull \hbox (568.48451pt too wide) in paragraph at lines 4974--4974
[]\TU/lmtt/m/n/12 ##             (D[M=1, I=0, P=0] < D[M=0, I=0, P=0] | D[M=1, 
I=1, P=0] < D[M=0, I=1, P=0] | D[M=1, I=0, P=1] < D[M=0, I=0, P=1] | D[M=1, I=1
, P=1] < D[M=0, I=1, P=1]) |[] 
 []


Overfull \hbox (556.12453pt too wide) in paragraph at lines 4974--4974
[]\TU/lmtt/m/n/12 ##             (D[P=1, M=0, I=0] < D[P=0, M=0, I=0] | D[P=1, 
M=1, I=0] < D[P=0, M=1, I=0] | D[P=1, M=0, I=1] < D[P=0, M=0, I=1] | D[P=1, M=1
, I=1] < D[P=0, M=1, I=1])[] 
 []

[196]
Underfull \vbox (badness 10000) has occurred while \output is active []

[197] [198]
Chapter 12.
LaTeX Font Info:    External font `lmex10' loaded for size
(Font)              <17.28> on input line 5068.
[199

]
File: Figures/Ns.pdf Graphic file (type pdf)
<use Figures/Ns.pdf>

LaTeX Warning: `!h' float specifier changed to `!ht'.

[200] [201] [202]
File: Figures/m_or_n.pdf Graphic file (type pdf)
<use Figures/m_or_n.pdf>

LaTeX Warning: `!h' float specifier changed to `!ht'.

[203]

LaTeX Warning: Reference `PTintro' on page 204 undefined on input line 5167.

File: Figures/experiments.pdf Graphic file (type pdf)
<use Figures/experiments.pdf>

LaTeX Warning: `!h' float specifier changed to `!ht'.

[204] [205] [206]

LaTeX Warning: Reference `PTintro' on page 207 undefined on input line 5217.

[207]
Overfull \hbox (7.35193pt too wide) in paragraph at lines 5243--5244
 []\TU/lmr/m/n/12 Dist| 
 []


Overfull \hbox (2.23993pt too wide) in paragraph at lines 5245--5246
 []\TU/lmr/m/n/12 arg| 
 []


Overfull \hbox (5.22682pt too wide) in paragraph at lines 5249--5249
 \TU/lmr/m/n/12 Value 
 []


Overfull \hbox (10.38792pt too wide) in paragraph at lines 5254--5255
 []\TU/lmr/m/n/12 High| 
 []


Overfull \hbox (10.38792pt too wide) in paragraph at lines 5261--5262
 []\TU/lmr/m/n/12 High| 
 []


Overfull \hbox (5.69296pt too wide) in paragraph at lines 5268--5269
 []\TU/lmr/m/n/12 High| 
 []


Overfull \hbox (6.88281pt too wide) in paragraph at lines 5270--5270
 \TU/lmr/m/n/12 tainty 
 []


Overfull \hbox (10.38792pt too wide) in paragraph at lines 5275--5276
 []\TU/lmr/m/n/12 High| 
 []


Overfull \hbox (7.35193pt too wide) in paragraph at lines 5283--5284
 []\TU/lmr/m/n/12 Dist| 
 []


Overfull \hbox (2.23993pt too wide) in paragraph at lines 5285--5286
 []\TU/lmr/m/n/12 arg| 
 []


Overfull \hbox (5.22682pt too wide) in paragraph at lines 5289--5289
 \TU/lmr/m/n/12 Value 
 []


Overfull \hbox (10.38792pt too wide) in paragraph at lines 5294--5295
 []\TU/lmr/m/n/12 High| 
 []


Overfull \hbox (10.38792pt too wide) in paragraph at lines 5301--5302
 []\TU/lmr/m/n/12 High| 
 []


Overfull \hbox (5.69296pt too wide) in paragraph at lines 5308--5309
 []\TU/lmr/m/n/12 High| 
 []


Overfull \hbox (6.88281pt too wide) in paragraph at lines 5310--5310
 \TU/lmr/m/n/12 tainty 
 []


Overfull \hbox (10.38792pt too wide) in paragraph at lines 5315--5316
 []\TU/lmr/m/n/12 High| 
 []


Overfull \hbox (30.46393pt too wide) in paragraph at lines 5322--5323
 []\TU/lmr/m/n/12 Dirichlet| 
 []


Overfull \hbox (6.81194pt too wide) in paragraph at lines 5334--5334
 []\TU/lmr/m/n/12 0.20 
 []


Overfull \hbox (9.93193pt too wide) in paragraph at lines 5342--5343
 []\TU/lmr/bx/n/12 2.00| 
 []


Overfull \hbox (6.81194pt too wide) in paragraph at lines 5375--5375
 []\TU/lmr/m/n/12 0.20 
 []


Overfull \hbox (9.93193pt too wide) in paragraph at lines 5383--5384
 []\TU/lmr/bx/n/12 4.00| 
 []


Overfull \hbox (6.81194pt too wide) in paragraph at lines 5416--5416
 []\TU/lmr/m/n/12 0.20 
 []


Overfull \hbox (9.93193pt too wide) in paragraph at lines 5424--5425
 []\TU/lmr/bx/n/12 0.10| 
 []


Overfull \hbox (6.81194pt too wide) in paragraph at lines 5457--5457
 []\TU/lmr/m/n/12 0.20 
 []


Overfull \hbox (9.93193pt too wide) in paragraph at lines 5465--5466
 []\TU/lmr/bx/n/12 0.10| 
 []


Overfull \hbox (9.89594pt too wide) in paragraph at lines 5486--5487
 []\TU/lmr/m/n/12 Beta| 
 []


Overfull \hbox (6.81194pt too wide) in paragraph at lines 5491--5491
[]\TU/lmr/m/n/12 0.50  
 []


Overfull \hbox (6.81194pt too wide) in paragraph at lines 5492--5492
[]\TU/lmr/m/n/12 0.10  
 []


Overfull \hbox (6.81194pt too wide) in paragraph at lines 5502--5502
 []\TU/lmr/m/n/12 0.50 
 []


Overfull \hbox (6.81194pt too wide) in paragraph at lines 5503--5503
 []\TU/lmr/m/n/12 0.10 
 []


Overfull \hbox (6.81194pt too wide) in paragraph at lines 5513--5513
 []\TU/lmr/m/n/12 0.50 
 []


Overfull \hbox (6.81194pt too wide) in paragraph at lines 5514--5514
 []\TU/lmr/m/n/12 0.10 
 []


Overfull \hbox (2.11697pt too wide) in paragraph at lines 5524--5524
 []\TU/lmr/m/n/12 0.50 
 []


Overfull \hbox (11.99297pt too wide) in paragraph at lines 5525--5526
 []\TU/lmr/bx/n/12 0.289| 
 []


Overfull \hbox (6.81194pt too wide) in paragraph at lines 5534--5534
 []\TU/lmr/m/n/12 0.50 
 []


Overfull \hbox (6.81194pt too wide) in paragraph at lines 5535--5535
 []\TU/lmr/m/n/12 0.10 
 []


Overfull \hbox (9.89594pt too wide) in paragraph at lines 5541--5542
 []\TU/lmr/m/n/12 Beta| 
 []


Overfull \hbox (6.81194pt too wide) in paragraph at lines 5546--5546
[]\TU/lmr/m/n/12 0.50  
 []


Overfull \hbox (6.81194pt too wide) in paragraph at lines 5547--5547
[]\TU/lmr/m/n/12 0.10  
 []


Overfull \hbox (6.81194pt too wide) in paragraph at lines 5557--5557
 []\TU/lmr/m/n/12 0.50 
 []


Overfull \hbox (6.81194pt too wide) in paragraph at lines 5558--5558
 []\TU/lmr/m/n/12 0.10 
 []


Overfull \hbox (6.81194pt too wide) in paragraph at lines 5568--5568
 []\TU/lmr/m/n/12 0.50 
 []


Overfull \hbox (6.81194pt too wide) in paragraph at lines 5569--5569
 []\TU/lmr/m/n/12 0.10 
 []


Overfull \hbox (2.11697pt too wide) in paragraph at lines 5579--5579
 []\TU/lmr/m/n/12 0.50 
 []


Overfull \hbox (11.99297pt too wide) in paragraph at lines 5580--5581
 []\TU/lmr/bx/n/12 0.289| 
 []


Overfull \hbox (6.81194pt too wide) in paragraph at lines 5589--5589
 []\TU/lmr/m/n/12 0.50 
 []


Overfull \hbox (6.81194pt too wide) in paragraph at lines 5590--5590
 []\TU/lmr/m/n/12 0.10 
 []


Overfull \hbox (9.89594pt too wide) in paragraph at lines 5596--5597
 []\TU/lmr/m/n/12 Beta| 
 []


Overfull \hbox (6.81194pt too wide) in paragraph at lines 5601--5601
[]\TU/lmr/m/n/12 0.50  
 []


Overfull \hbox (6.81194pt too wide) in paragraph at lines 5602--5602
[]\TU/lmr/m/n/12 0.10  
 []


Overfull \hbox (6.81194pt too wide) in paragraph at lines 5612--5612
 []\TU/lmr/m/n/12 0.50 
 []


Overfull \hbox (6.81194pt too wide) in paragraph at lines 5613--5613
 []\TU/lmr/m/n/12 0.10 
 []


Overfull \hbox (6.81194pt too wide) in paragraph at lines 5623--5623
 []\TU/lmr/m/n/12 0.50 
 []


Overfull \hbox (6.81194pt too wide) in paragraph at lines 5624--5624
 []\TU/lmr/m/n/12 0.10 
 []


Overfull \hbox (2.11697pt too wide) in paragraph at lines 5634--5634
 []\TU/lmr/m/n/12 0.50 
 []


Overfull \hbox (11.99297pt too wide) in paragraph at lines 5635--5636
 []\TU/lmr/bx/n/12 0.289| 
 []


Overfull \hbox (6.81194pt too wide) in paragraph at lines 5644--5644
 []\TU/lmr/m/n/12 0.50 
 []


Overfull \hbox (6.81194pt too wide) in paragraph at lines 5645--5645
 []\TU/lmr/m/n/12 0.10 
 []


Overfull \hbox (9.89594pt too wide) in paragraph at lines 5651--5652
 []\TU/lmr/m/n/12 Beta| 
 []


Overfull \hbox (6.81194pt too wide) in paragraph at lines 5656--5656
[]\TU/lmr/m/n/12 0.50  
 []


Overfull \hbox (6.81194pt too wide) in paragraph at lines 5657--5657
[]\TU/lmr/m/n/12 0.10  
 []


Overfull \hbox (6.81194pt too wide) in paragraph at lines 5667--5667
 []\TU/lmr/m/n/12 0.50 
 []


Overfull \hbox (6.81194pt too wide) in paragraph at lines 5668--5668
 []\TU/lmr/m/n/12 0.10 
 []


Overfull \hbox (6.81194pt too wide) in paragraph at lines 5678--5678
 []\TU/lmr/m/n/12 0.50 
 []


Overfull \hbox (6.81194pt too wide) in paragraph at lines 5679--5679
 []\TU/lmr/m/n/12 0.10 
 []


Overfull \hbox (2.11697pt too wide) in paragraph at lines 5689--5689
 []\TU/lmr/m/n/12 0.50 
 []


Overfull \hbox (11.99297pt too wide) in paragraph at lines 5690--5691
 []\TU/lmr/bx/n/12 0.289| 
 []


Overfull \hbox (6.81194pt too wide) in paragraph at lines 5699--5699
 []\TU/lmr/m/n/12 0.50 
 []


Overfull \hbox (6.81194pt too wide) in paragraph at lines 5700--5700
 []\TU/lmr/m/n/12 0.10 
 []


Overfull \hbox (2.12688pt too wide) in paragraph at lines 5704--5705
 []$\OML/lmm/m/it/12 ^^^[]$| 
 []


Overfull \hbox (9.89594pt too wide) in paragraph at lines 5706--5707
 []\TU/lmr/m/n/12 Beta| 
 []


Overfull \hbox (6.81194pt too wide) in paragraph at lines 5711--5711
[]\TU/lmr/m/n/12 0.01  
 []


Overfull \hbox (6.81194pt too wide) in paragraph at lines 5712--5712
[]\TU/lmr/m/n/12 0.01  
 []


Overfull \hbox (9.93193pt too wide) in paragraph at lines 5722--5723
 []\TU/lmr/bx/n/12 0.01 
 []


Overfull \hbox (6.81194pt too wide) in paragraph at lines 5722--5723
 \TU/lmr/m/n/12 0.01 
 []


Overfull \hbox (6.81194pt too wide) in paragraph at lines 5733--5733
 []\TU/lmr/m/n/12 0.01 
 []


Overfull \hbox (6.81194pt too wide) in paragraph at lines 5734--5734
 []\TU/lmr/m/n/12 0.01 
 []


Overfull \hbox (2.11697pt too wide) in paragraph at lines 5744--5744
 []\TU/lmr/m/n/12 0.01 
 []


Overfull \hbox (2.11697pt too wide) in paragraph at lines 5745--5745
 []\TU/lmr/m/n/12 0.01 
 []


Overfull \hbox (3.29482pt too wide) in paragraph at lines 5749--5749
 []\TU/lmr/m/n/12 0.001 
 []


Overfull \hbox (6.81194pt too wide) in paragraph at lines 5755--5755
 []\TU/lmr/m/n/12 0.25 
 []


Overfull \hbox (9.93193pt too wide) in paragraph at lines 5756--5757
 []\TU/lmr/bx/n/12 0.25| 
 []


Overfull \hbox (2.12688pt too wide) in paragraph at lines 5759--5760
 []$\OML/lmm/m/it/12 ^^^[]$| 
 []


Overfull \hbox (9.89594pt too wide) in paragraph at lines 5761--5762
 []\TU/lmr/m/n/12 Beta| 
 []


Overfull \hbox (6.81194pt too wide) in paragraph at lines 5766--5766
[]\TU/lmr/m/n/12 0.99  
 []


Overfull \hbox (6.81194pt too wide) in paragraph at lines 5767--5767
[]\TU/lmr/m/n/12 0.01  
 []


Overfull \hbox (9.93193pt too wide) in paragraph at lines 5777--5778
 []\TU/lmr/bx/n/12 0.99 
 []


Overfull \hbox (6.81194pt too wide) in paragraph at lines 5777--5778
 \TU/lmr/m/n/12 0.01 
 []


Overfull \hbox (6.81194pt too wide) in paragraph at lines 5788--5788
 []\TU/lmr/m/n/12 0.99 
 []


Overfull \hbox (6.81194pt too wide) in paragraph at lines 5789--5789
 []\TU/lmr/m/n/12 0.01 
 []


Overfull \hbox (2.11697pt too wide) in paragraph at lines 5799--5799
 []\TU/lmr/m/n/12 0.99 
 []


Overfull \hbox (2.11697pt too wide) in paragraph at lines 5800--5800
 []\TU/lmr/m/n/12 0.01 
 []


Overfull \hbox (3.29482pt too wide) in paragraph at lines 5804--5804
 []\TU/lmr/m/n/12 0.001 
 []


Overfull \hbox (6.81194pt too wide) in paragraph at lines 5810--5810
 []\TU/lmr/m/n/12 0.75 
 []


Overfull \hbox (9.93193pt too wide) in paragraph at lines 5811--5812
 []\TU/lmr/bx/n/12 0.25| 
 []


Overfull \hbox (1.24817pt too wide) in paragraph at lines 5814--5815
 []$\OML/lmm/m/it/12 ^^^[]$| 
 []


Overfull \hbox (9.89594pt too wide) in paragraph at lines 5816--5817
 []\TU/lmr/m/n/12 Beta| 
 []


Overfull \hbox (6.81194pt too wide) in paragraph at lines 5821--5821
[]\TU/lmr/m/n/12 0.01  
 []


Overfull \hbox (6.81194pt too wide) in paragraph at lines 5822--5822
[]\TU/lmr/m/n/12 0.01  
 []


Overfull \hbox (9.93193pt too wide) in paragraph at lines 5832--5833
 []\TU/lmr/bx/n/12 0.01 
 []


Overfull \hbox (6.81194pt too wide) in paragraph at lines 5832--5833
 \TU/lmr/m/n/12 0.01 
 []


Overfull \hbox (6.81194pt too wide) in paragraph at lines 5843--5843
 []\TU/lmr/m/n/12 0.01 
 []


Overfull \hbox (6.81194pt too wide) in paragraph at lines 5844--5844
 []\TU/lmr/m/n/12 0.01 
 []


Overfull \hbox (2.11697pt too wide) in paragraph at lines 5854--5854
 []\TU/lmr/m/n/12 0.01 
 []


Overfull \hbox (2.11697pt too wide) in paragraph at lines 5855--5855
 []\TU/lmr/m/n/12 0.01 
 []


Overfull \hbox (3.29482pt too wide) in paragraph at lines 5859--5859
 []\TU/lmr/m/n/12 0.001 
 []


Overfull \hbox (6.81194pt too wide) in paragraph at lines 5865--5865
 []\TU/lmr/m/n/12 0.25 
 []


Overfull \hbox (9.93193pt too wide) in paragraph at lines 5866--5867
 []\TU/lmr/bx/n/12 0.25| 
 []


Overfull \hbox (1.24817pt too wide) in paragraph at lines 5869--5870
 []$\OML/lmm/m/it/12 ^^^[]$| 
 []


Overfull \hbox (9.89594pt too wide) in paragraph at lines 5871--5872
 []\TU/lmr/m/n/12 Beta| 
 []


Overfull \hbox (6.81194pt too wide) in paragraph at lines 5876--5876
[]\TU/lmr/m/n/12 0.99  
 []


Overfull \hbox (6.81194pt too wide) in paragraph at lines 5877--5877
[]\TU/lmr/m/n/12 0.01  
 []


Overfull \hbox (9.93193pt too wide) in paragraph at lines 5887--5888
 []\TU/lmr/bx/n/12 0.99 
 []


Overfull \hbox (6.81194pt too wide) in paragraph at lines 5887--5888
 \TU/lmr/m/n/12 0.01 
 []


Overfull \hbox (6.81194pt too wide) in paragraph at lines 5898--5898
 []\TU/lmr/m/n/12 0.99 
 []


Overfull \hbox (6.81194pt too wide) in paragraph at lines 5899--5899
 []\TU/lmr/m/n/12 0.01 
 []


Overfull \hbox (2.11697pt too wide) in paragraph at lines 5909--5909
 []\TU/lmr/m/n/12 0.99 
 []


Overfull \hbox (2.11697pt too wide) in paragraph at lines 5910--5910
 []\TU/lmr/m/n/12 0.01 
 []


Overfull \hbox (3.29482pt too wide) in paragraph at lines 5914--5914
 []\TU/lmr/m/n/12 0.001 
 []


Overfull \hbox (6.81194pt too wide) in paragraph at lines 5920--5920
 []\TU/lmr/m/n/12 0.75 
 []


Overfull \hbox (9.93193pt too wide) in paragraph at lines 5921--5922
 []\TU/lmr/bx/n/12 0.25| 
 []


Overfull \hbox (1.29353pt too wide) in paragraph at lines 5924--5925
 []$\OML/lmm/m/it/12 ^^^[]$| 
 []


Overfull \hbox (9.89594pt too wide) in paragraph at lines 5926--5927
 []\TU/lmr/m/n/12 Beta| 
 []


Overfull \hbox (6.81194pt too wide) in paragraph at lines 5931--5931
[]\TU/lmr/m/n/12 0.99  
 []


Overfull \hbox (6.81194pt too wide) in paragraph at lines 5932--5932
[]\TU/lmr/m/n/12 0.01  
 []


Overfull \hbox (9.93193pt too wide) in paragraph at lines 5942--5943
 []\TU/lmr/bx/n/12 0.99 
 []


Overfull \hbox (6.81194pt too wide) in paragraph at lines 5942--5943
 \TU/lmr/m/n/12 0.01 
 []


Overfull \hbox (6.81194pt too wide) in paragraph at lines 5953--5953
 []\TU/lmr/m/n/12 0.99 
 []


Overfull \hbox (6.81194pt too wide) in paragraph at lines 5954--5954
 []\TU/lmr/m/n/12 0.01 
 []


Overfull \hbox (2.11697pt too wide) in paragraph at lines 5964--5964
 []\TU/lmr/m/n/12 0.99 
 []


Overfull \hbox (2.11697pt too wide) in paragraph at lines 5965--5965
 []\TU/lmr/m/n/12 0.01 
 []


Overfull \hbox (3.29482pt too wide) in paragraph at lines 5969--5969
 []\TU/lmr/m/n/12 0.001 
 []


Overfull \hbox (6.81194pt too wide) in paragraph at lines 5975--5975
 []\TU/lmr/m/n/12 0.75 
 []


Overfull \hbox (9.93193pt too wide) in paragraph at lines 5976--5977
 []\TU/lmr/bx/n/12 0.25| 
 []


Overfull \hbox (1.29353pt too wide) in paragraph at lines 5979--5980
 []$\OML/lmm/m/it/12 ^^^[]$| 
 []


Overfull \hbox (9.89594pt too wide) in paragraph at lines 5981--5982
 []\TU/lmr/m/n/12 Beta| 
 []


Overfull \hbox (6.81194pt too wide) in paragraph at lines 5986--5986
[]\TU/lmr/m/n/12 0.01  
 []


Overfull \hbox (6.81194pt too wide) in paragraph at lines 5987--5987
[]\TU/lmr/m/n/12 0.01  
 []


Overfull \hbox (9.93193pt too wide) in paragraph at lines 5997--5998
 []\TU/lmr/bx/n/12 0.01 
 []


Overfull \hbox (6.81194pt too wide) in paragraph at lines 5997--5998
 \TU/lmr/m/n/12 0.01 
 []


Overfull \hbox (6.81194pt too wide) in paragraph at lines 6008--6008
 []\TU/lmr/m/n/12 0.01 
 []


Overfull \hbox (6.81194pt too wide) in paragraph at lines 6009--6009
 []\TU/lmr/m/n/12 0.01 
 []


Overfull \hbox (2.11697pt too wide) in paragraph at lines 6019--6019
 []\TU/lmr/m/n/12 0.01 
 []


Overfull \hbox (2.11697pt too wide) in paragraph at lines 6020--6020
 []\TU/lmr/m/n/12 0.01 
 []


Overfull \hbox (3.29482pt too wide) in paragraph at lines 6024--6024
 []\TU/lmr/m/n/12 0.001 
 []


Overfull \hbox (6.81194pt too wide) in paragraph at lines 6030--6030
 []\TU/lmr/m/n/12 0.25 
 []


Overfull \hbox (9.93193pt too wide) in paragraph at lines 6031--6032
 []\TU/lmr/bx/n/12 0.25| 
 []


Overfull \hbox (1.98566pt too wide) in paragraph at lines 6034--6035
 []$\OML/lmm/m/it/12 ^^^[]$| 
 []


Overfull \hbox (9.89594pt too wide) in paragraph at lines 6036--6037
 []\TU/lmr/m/n/12 Beta| 
 []


Overfull \hbox (6.81194pt too wide) in paragraph at lines 6041--6041
[]\TU/lmr/m/n/12 0.99  
 []


Overfull \hbox (6.81194pt too wide) in paragraph at lines 6042--6042
[]\TU/lmr/m/n/12 0.01  
 []


Overfull \hbox (9.93193pt too wide) in paragraph at lines 6052--6053
 []\TU/lmr/bx/n/12 0.99 
 []


Overfull \hbox (6.81194pt too wide) in paragraph at lines 6052--6053
 \TU/lmr/m/n/12 0.01 
 []


Overfull \hbox (6.81194pt too wide) in paragraph at lines 6063--6063
 []\TU/lmr/m/n/12 0.99 
 []


Overfull \hbox (6.81194pt too wide) in paragraph at lines 6064--6064
 []\TU/lmr/m/n/12 0.01 
 []


Overfull \hbox (2.11697pt too wide) in paragraph at lines 6074--6074
 []\TU/lmr/m/n/12 0.99 
 []


Overfull \hbox (2.11697pt too wide) in paragraph at lines 6075--6075
 []\TU/lmr/m/n/12 0.01 
 []


Overfull \hbox (3.29482pt too wide) in paragraph at lines 6079--6079
 []\TU/lmr/m/n/12 0.001 
 []


Overfull \hbox (6.81194pt too wide) in paragraph at lines 6085--6085
 []\TU/lmr/m/n/12 0.75 
 []


Overfull \hbox (9.93193pt too wide) in paragraph at lines 6086--6087
 []\TU/lmr/bx/n/12 0.25| 
 []


Overfull \hbox (1.98566pt too wide) in paragraph at lines 6089--6090
 []$\OML/lmm/m/it/12 ^^^[]$| 
 []


Overfull \hbox (9.89594pt too wide) in paragraph at lines 6091--6092
 []\TU/lmr/m/n/12 Beta| 
 []


Overfull \hbox (6.81194pt too wide) in paragraph at lines 6096--6096
[]\TU/lmr/m/n/12 0.01  
 []


Overfull \hbox (6.81194pt too wide) in paragraph at lines 6097--6097
[]\TU/lmr/m/n/12 0.01  
 []


Overfull \hbox (9.93193pt too wide) in paragraph at lines 6107--6108
 []\TU/lmr/bx/n/12 0.01 
 []


Overfull \hbox (6.81194pt too wide) in paragraph at lines 6107--6108
 \TU/lmr/m/n/12 0.01 
 []


Overfull \hbox (6.81194pt too wide) in paragraph at lines 6118--6118
 []\TU/lmr/m/n/12 0.01 
 []


Overfull \hbox (6.81194pt too wide) in paragraph at lines 6119--6119
 []\TU/lmr/m/n/12 0.01 
 []


Overfull \hbox (2.11697pt too wide) in paragraph at lines 6129--6129
 []\TU/lmr/m/n/12 0.01 
 []


Overfull \hbox (2.11697pt too wide) in paragraph at lines 6130--6130
 []\TU/lmr/m/n/12 0.01 
 []


Overfull \hbox (3.29482pt too wide) in paragraph at lines 6134--6134
 []\TU/lmr/m/n/12 0.001 
 []


Overfull \hbox (6.81194pt too wide) in paragraph at lines 6140--6140
 []\TU/lmr/m/n/12 0.25 
 []


Overfull \hbox (9.93193pt too wide) in paragraph at lines 6141--6142
 []\TU/lmr/bx/n/12 0.25| 
 []

[208] [209] [210]
Overfull \hbox (13.61703pt too wide) in paragraph at lines 6153--6180
 [][] 
 []

[211] [212

]
Chapter 13.
[213]

LaTeX Warning: Reference `Clues' on page 214 undefined on input line 6209.


LaTeX Warning: `!h' float specifier changed to `!ht'.

[214] [215]
Underfull \vbox (badness 10000) has occurred while \output is active []

[216] [217] [218] [219]
File: Figures/K1.pdf Graphic file (type pdf)
<use Figures/K1.pdf>
File: Figures/K2.pdf Graphic file (type pdf)
<use Figures/K2.pdf>
File: Figures/K3.pdf Graphic file (type pdf)
<use Figures/K3.pdf>
File: Figures/K4.pdf Graphic file (type pdf)
<use Figures/K4.pdf>
[220] [221] [222] [223] [224]
Overfull \hbox (280.71143pt too wide) detected at line 6384
[]\OT1/lmr/m/n/12 (\OMS/lmsy/m/n/12 Dj\OML/lmm/m/it/12 ^^R\OT1/lmr/m/n/12 ) = [
](\OML/lmm/m/it/12 n[]; n[]; n[]; n[]; n[]; n[]; n[]; n[]; n[]; n[]; n[]; n[]\O
MS/lmsy/m/n/12 j\OML/lmm/m/it/12 w[]; w[]; w[]; w[]; w[]; w[]; w[]; w[]; w[]; w
[]; w[]; w[]\OT1/lmr/m/n/12 )
 []


Overfull \hbox (24.93115pt too wide) detected at line 6419
[] \OT1/lmr/m/n/12 = []
 []

[225] [226] [227

] [228]
Chapter 14.
[229

] [230]
Overfull \hbox (116.43066pt too wide) has occurred while \output is active
\TU/lmr/m/sl/12 14.2.  THE POSSIBILITY OF IDENTIFICATION OF PROBATIVE VALUE FRO
M EXPERIMENTAL DATA \TU/lmr/m/n/12 231
 []

[231] [232]
File: ii_files/figure-latex/unnamed-chunk-88-1.pdf Graphic file (type pdf)
<use ii_files/figure-latex/unnamed-chunk-88-1.pdf>
File: ii_files/figure-latex/unnamed-chunk-88-2.pdf Graphic file (type pdf)
<use ii_files/figure-latex/unnamed-chunk-88-2.pdf>

Underfull \hbox (badness 10000) in paragraph at lines 6565--6566
[][]
 []


Underfull \vbox (badness 10000) has occurred while \output is active []

[233]
File: ii_files/figure-latex/unnamed-chunk-90-1.pdf Graphic file (type pdf)
<use ii_files/figure-latex/unnamed-chunk-90-1.pdf>

Underfull \vbox (badness 10000) has occurred while \output is active []

[234] [235] [236] [237]
File: ii_files/figure-latex/unnamed-chunk-91-1.pdf Graphic file (type pdf)
<use ii_files/figure-latex/unnamed-chunk-91-1.pdf>
[238] [239] [240]
Chapter 15.

LaTeX Warning: Reference `tab:HK8cases1quant' on page 241 undefined on input li
ne 6726.


LaTeX Warning: Reference `tab:HK8cases2quant' on page 241 undefined on input li
ne 6726.

[241

] [242] [243] [244

]
Chapter 16.
[245] [246

] [247] [248]
Chapter 17.
LaTeX Font Info:    Font shape `TU/lmtt/bx/n' in size <24.88> not available
(Font)              Font shape `TU/lmtt/b/n' tried instead on input line 6753.
File: ii_files/figure-latex/unnamed-chunk-95-1.pdf Graphic file (type pdf)
<use ii_files/figure-latex/unnamed-chunk-95-1.pdf>

Underfull \vbox (badness 7468) has occurred while \output is active []

[249

] [250]
File: ii_files/figure-latex/unnamed-chunk-103-1.pdf Graphic file (type pdf)
<use ii_files/figure-latex/unnamed-chunk-103-1.pdf>
[251]
File: ii_files/figure-latex/unnamed-chunk-104-1.pdf Graphic file (type pdf)
<use ii_files/figure-latex/unnamed-chunk-104-1.pdf>
[252]
File: ii_files/figure-latex/unnamed-chunk-110-1.pdf Graphic file (type pdf)
<use ii_files/figure-latex/unnamed-chunk-110-1.pdf>

Underfull \vbox (badness 10000) has occurred while \output is active []

[253]
File: ii_files/figure-latex/unnamed-chunk-112-1.pdf Graphic file (type pdf)
<use ii_files/figure-latex/unnamed-chunk-112-1.pdf>

Underfull \vbox (badness 1983) has occurred while \output is active []

[254] [255]
File: ii_files/figure-latex/unnamed-chunk-118-1.pdf Graphic file (type pdf)
<use ii_files/figure-latex/unnamed-chunk-118-1.pdf>
[256]
File: ii_files/figure-latex/unnamed-chunk-124-1.pdf Graphic file (type pdf)
<use ii_files/figure-latex/unnamed-chunk-124-1.pdf>
[257]
File: ii_files/figure-latex/unnamed-chunk-129-1.pdf Graphic file (type pdf)
<use ii_files/figure-latex/unnamed-chunk-129-1.pdf>

Underfull \vbox (badness 2875) has occurred while \output is active []

[258] [259] [260]
File: ii_files/figure-latex/unnamed-chunk-138-1.pdf Graphic file (type pdf)
<use ii_files/figure-latex/unnamed-chunk-138-1.pdf>
[261] [262]
File: ii_files/figure-latex/unnamed-chunk-152-1.pdf Graphic file (type pdf)
<use ii_files/figure-latex/unnamed-chunk-152-1.pdf>
(./ii.bbl [263] [264

] [265] [266] [267] [268] [269])
Package atveryend Info: Empty hook `BeforeClearDocument' on input line 7369.
[270]
Package atveryend Info: Empty hook `AfterLastShipout' on input line 7369.
(./ii.aux)
Package atveryend Info: Empty hook `AtVeryEndDocument' on input line 7369.
Package atveryend Info: Executing hook `AtEndAfterFileList' on input line 7369.

Package rerunfilecheck Info: File `ii.out' has not changed.
(rerunfilecheck)             Checksum: 2E551ECB4EBBB7F77AB9236CA314F2E1.

LaTeX Warning: There were undefined references.


LaTeX Warning: There were multiply-defined labels.

 ) 
Here is how much of TeX's memory you used:
 24032 strings out of 494894
 457384 string characters out of 6175663
 644037 words of memory out of 5000000
 27669 multiletter control sequences out of 15000+600000
 565246 words of font info for 92 fonts, out of 8000000 for 9000
 14 hyphenation exceptions out of 8191
 46i,16n,68p,2490b,575s stack positions out of 5000i,500n,10000p,200000b,80000s

Output written on ii.pdf (270 pages).
